<?xml version="1.0" encoding="UTF-8"?>
<testsuite name="TestSuite" time="27.159" tests="7" errors="0" skipped="0" failures="0">
  <properties>
    <property name="java.runtime.name" value="Java(TM) SE Runtime Environment"/>
    <property name="sun.boot.library.path" value="C:\Program Files\Java\jre1.8.0_66\bin"/>
    <property name="java.vm.version" value="25.66-b17"/>
    <property name="java.vm.vendor" value="Oracle Corporation"/>
    <property name="maven.multiModuleProjectDirectory" value="C:\Users\jkuma235\eclipse-workspace\APIAutomation"/>
    <property name="java.vendor.url" value="http://java.oracle.com/"/>
    <property name="path.separator" value=";"/>
    <property name="guice.disable.misplaced.annotation.check" value="true"/>
    <property name="java.vm.name" value="Java HotSpot(TM) 64-Bit Server VM"/>
    <property name="file.encoding.pkg" value="sun.io"/>
    <property name="user.script" value=""/>
    <property name="user.country" value="US"/>
    <property name="sun.java.launcher" value="SUN_STANDARD"/>
    <property name="sun.os.patch.level" value=""/>
    <property name="java.vm.specification.name" value="Java Virtual Machine Specification"/>
    <property name="user.dir" value="C:\Users\jkuma235\eclipse-workspace\APIAutomation"/>
    <property name="java.runtime.version" value="1.8.0_66-b17"/>
    <property name="java.awt.graphicsenv" value="sun.awt.Win32GraphicsEnvironment"/>
    <property name="java.endorsed.dirs" value="C:\Program Files\Java\jre1.8.0_66\lib\endorsed"/>
    <property name="os.arch" value="amd64"/>
    <property name="java.io.tmpdir" value="C:\Users\jkuma235\AppData\Local\Temp\"/>
    <property name="line.separator" value="&#10;"/>
    <property name="java.vm.specification.vendor" value="Oracle Corporation"/>
    <property name="user.variant" value=""/>
    <property name="os.name" value="Windows 10"/>
    <property name="https.protocols" value="TLSv1.2"/>
    <property name="classworlds.conf" value="C:\Users\jkuma235\eclipse-workspace\.metadata\.plugins\org.eclipse.m2e.launching\launches\m2conf8034891302482884413.tmp"/>
    <property name="sun.jnu.encoding" value="Cp1252"/>
    <property name="java.library.path" value="C:\Program Files\Java\jre1.8.0_66\bin;C:\WINDOWS\Sun\Java\bin;C:\WINDOWS\system32;C:\WINDOWS;C:/Program Files/Java/jre1.8.0_66/bin/server;C:/Program Files/Java/jre1.8.0_66/bin;C:/Program Files/Java/jre1.8.0_66/lib/amd64;C:\ProgramData\Oracle\Java\javapath;C:\Python38\Scripts\;C:\Python38\;C:\Program Files (x86)\Common Files\Oracle\Java\javapath;C:\Program Files\Common Files\Microsoft Shared\Microsoft Online Services;C:\Program Files (x86)\Common Files\Microsoft Shared\Microsoft Online Services;C:\WINDOWS\system32;C:\WINDOWS;C:\WINDOWS\System32\Wbem;C:\WINDOWS\System32\WindowsPowerShell\v1.0\;C:\WINDOWS\System32\OpenSSH\;C:\Program Files\1E\NomadBranch\;%PYTHON_HOME%;C:\Program Files\Git\cmd;C:\Program Files\dotnet\;C:\Program Files\Microsoft SQL Server\130\Tools\Binn\;C:\ProgramData\chocolatey\bin;%ANDROID_HOME%;%ANDROID_HOME%\platform-tools;%ANDROID_HOME%\tools;%ANDROID_HOME%\tools\bin;%JAVA_HOME%\bin;C:\Program Files\nodejs\;C:\Users\jkuma235\AppData\Local\Android\Sdk\;C:\Users\jkuma235\AppData\Local\Android\Sdk\platform-tools\;C:\Users\jkuma235\AppData\Local\Android\Sdk\bin;C:\Users\jkuma235\AppData\Local\Android\Sdk\tools;%MAVEN_HOME%\bin;C:\Users\jkuma235\Desktop\AppiumSoftware\apache-maven-3.6.3\bin;C:\Program Files (x86)\Tyco\American Dynamics\ADSDK\;C:\Users\jkuma235\Desktop\AppiumSoftware\gradle-6.5-all\gradle-6.5\bin;%GRADLE_HOME%\bin;C:\Program Files\Java\jdk1.8.0_66\jre\lib\security\cacert;C:\Users\jkuma235\scoop\apps\allure\2.13.5\bin;C:\Users\jkuma235\scoop\shims;C:\Users\jkuma235\AppData\Local\Programs\Python\Python38-32\Scripts\;C:\Users\jkuma235\AppData\Local\Programs\Python\Python38-32\;C:\Users\jkuma235\AppData\Local\Microsoft\WindowsApps;C:\Users\jkuma235\AppData\Roaming\npm;;C:\Users\jkuma235\Desktop;;."/>
    <property name="java.specification.name" value="Java Platform API Specification"/>
    <property name="java.class.version" value="52.0"/>
    <property name="sun.management.compiler" value="HotSpot 64-Bit Tiered Compilers"/>
    <property name="os.version" value="10.0"/>
    <property name="user.home" value="C:\Users\jkuma235"/>
    <property name="user.timezone" value="Asia/Calcutta"/>
    <property name="java.awt.printerjob" value="sun.awt.windows.WPrinterJob"/>
    <property name="java.specification.version" value="1.8"/>
    <property name="file.encoding" value="Cp1252"/>
    <property name="user.name" value="jkuma235"/>
    <property name="java.class.path" value="C:\Users\jkuma235\Desktop\AppiumSoftware\apache-maven-3.6.3\boot\plexus-classworlds-2.6.0.jar"/>
    <property name="java.vm.specification.version" value="1.8"/>
    <property name="sun.arch.data.model" value="64"/>
    <property name="java.home" value="C:\Program Files\Java\jre1.8.0_66"/>
    <property name="sun.java.command" value="org.codehaus.plexus.classworlds.launcher.Launcher -B -gs C:\Users\jkuma235\Desktop\AppiumSoftware\apache-maven-3.6.3\conf\settings.xml -s C:\Users\jkuma235\Desktop\AppiumSoftware\apache-maven-3.6.3\conf\settings.xml test"/>
    <property name="java.specification.vendor" value="Oracle Corporation"/>
    <property name="user.language" value="en"/>
    <property name="awt.toolkit" value="sun.awt.windows.WToolkit"/>
    <property name="java.vm.info" value="mixed mode"/>
    <property name="java.version" value="1.8.0_66"/>
    <property name="java.ext.dirs" value="C:\Program Files\Java\jre1.8.0_66\lib\ext;C:\WINDOWS\Sun\Java\lib\ext"/>
    <property name="sun.boot.class.path" value="C:\Program Files\Java\jre1.8.0_66\lib\resources.jar;C:\Program Files\Java\jre1.8.0_66\lib\rt.jar;C:\Program Files\Java\jre1.8.0_66\lib\sunrsasign.jar;C:\Program Files\Java\jre1.8.0_66\lib\jsse.jar;C:\Program Files\Java\jre1.8.0_66\lib\jce.jar;C:\Program Files\Java\jre1.8.0_66\lib\charsets.jar;C:\Program Files\Java\jre1.8.0_66\lib\jfr.jar;C:\Program Files\Java\jre1.8.0_66\classes"/>
    <property name="java.vendor" value="Oracle Corporation"/>
    <property name="maven.home" value="C:\Users\jkuma235\Desktop\AppiumSoftware\apache-maven-3.6.3"/>
    <property name="file.separator" value="\"/>
    <property name="java.vendor.url.bug" value="http://bugreport.sun.com/bugreport/"/>
    <property name="sun.cpu.endian" value="little"/>
    <property name="sun.io.unicode.encoding" value="UnicodeLittle"/>
    <property name="sun.desktop" value="windows"/>
    <property name="sun.cpu.isalist" value="amd64"/>
  </properties>
  <testcase name="getStatus" classname="com.adidas.APIAutomation.GetAvailablePets" time="10.825"/>
  <testcase name="testData" classname="com.adidas.APIAutomation.AddNewPet" time="6.167"/>
  <testcase name="validateAddedPet" classname="com.adidas.APIAutomation.AddNewPet" time="1.739"/>
  <testcase name="testData" classname="com.adidas.APIAutomation.UpdatePetStatus" time="3.813"/>
  <testcase name="validatePutRequest" classname="com.adidas.APIAutomation.UpdatePetStatus" time="1.551"/>
  <testcase name="deletePet" classname="com.adidas.APIAutomation.DeletePet" time="1.513"/>
  <testcase name="validateDeletedPet" classname="com.adidas.APIAutomation.DeletePet" time="1.551"/>
</testsuite>