<?xml version="1.0" encoding="UTF-8"?>
<!-- Generated by org.testng.reporters.JUnitReportReporter -->
<testsuite skipped="0" hostname="M5291282" name="com.adidas.APIAutomation.GetAvailablePets" tests="1" failures="0" timestamp="2020-10-24T22:48:32 IST" time="11.246" errors="0">
  <testcase name="getStatus" time="11.246" classname="com.adidas.APIAutomation.GetAvailablePets"/>
  <system-out/>
</testsuite> <!-- com.adidas.APIAutomation.GetAvailablePets -->
