<?xml version="1.0" encoding="UTF-8"?>
<!-- Generated by org.testng.reporters.JUnitReportReporter -->
<testsuite skipped="0" hostname="M5291282" name="com.adidas.APIAutomation.AppTest" tests="1" failures="0" timestamp="2020-10-22T10:22:58 IST" time="0.070" errors="0">
  <testcase name="shouldAnswerWithTrue" time="0.070" classname="com.adidas.APIAutomation.AppTest"/>
  <system-out/>
</testsuite> <!-- com.adidas.APIAutomation.AppTest -->
