<?xml version="1.0" encoding="UTF-8"?>
<!-- Generated by org.testng.reporters.JUnitReportReporter -->
<testsuite skipped="0" hostname="M5291282" name="com.adidas.APIAutomation.DeletePet" tests="2" failures="0" timestamp="2020-10-24T22:48:32 IST" time="3.567" errors="0">
  <testcase name="deletePet" time="1.882" classname="com.adidas.APIAutomation.DeletePet"/>
  <system-out/>
  <testcase name="validateDeletedPet" time="1.685" classname="com.adidas.APIAutomation.DeletePet"/>
  <system-out/>
</testsuite> <!-- com.adidas.APIAutomation.DeletePet -->
