<?xml version="1.0" encoding="UTF-8"?>
<!-- Generated by org.testng.reporters.JUnitReportReporter -->
<testsuite skipped="0" hostname="M5291282" name="com.adidas.APIAutomation.Utilities" tests="2" failures="0" timestamp="2020-10-22T02:18:05 IST" time="0.131" errors="0">
  <testcase name="readData" time="0.046" classname="com.adidas.APIAutomation.Utilities"/>
  <system-out/>
  <testcase name="setData" time="0.085" classname="com.adidas.APIAutomation.Utilities"/>
  <system-out/>
</testsuite> <!-- com.adidas.APIAutomation.Utilities -->
