<?xml version="1.0" encoding="UTF-8"?>
<!-- Generated by org.testng.reporters.JUnitReportReporter -->
<testsuite skipped="0" hostname="M5291282" name="com.adidas.APIAutomation.AddNewPet" tests="2" failures="0" timestamp="2020-10-22T10:59:23 IST" time="10.125" errors="0">
  <testcase name="testData" time="7.752" classname="com.adidas.APIAutomation.AddNewPet"/>
  <system-out/>
  <testcase name="validateAddedPet" time="2.373" classname="com.adidas.APIAutomation.AddNewPet"/>
  <system-out/>
</testsuite> <!-- com.adidas.APIAutomation.AddNewPet -->
