<?xml version="1.0" encoding="UTF-8"?>
<!-- Generated by org.testng.reporters.JUnitReportReporter -->
<testsuite skipped="0" hostname="M5291282" name="com.adidas.APIAutomation.PostTest" tests="2" failures="0" timestamp="2020-10-22T02:06:20 IST" time="7.414" errors="0">
  <testcase name="testData" time="5.633" classname="com.adidas.APIAutomation.PostTest"/>
  <system-out/>
  <testcase name="validateAddedPet" time="1.781" classname="com.adidas.APIAutomation.PostTest"/>
  <system-out/>
</testsuite> <!-- com.adidas.APIAutomation.PostTest -->
