<?xml version="1.0" encoding="UTF-8"?>
<!-- Generated by org.testng.reporters.JUnitReportReporter -->
<testsuite skipped="0" hostname="M5291282" name="com.adidas.APIAutomation.PutRequest" tests="2" failures="0" timestamp="2020-10-22T02:06:20 IST" time="5.403" errors="0">
  <testcase name="testData" time="3.823" classname="com.adidas.APIAutomation.PutRequest"/>
  <system-out/>
  <testcase name="validatePutRequest" time="1.580" classname="com.adidas.APIAutomation.PutRequest"/>
  <system-out/>
</testsuite> <!-- com.adidas.APIAutomation.PutRequest -->
