<?xml version="1.0" encoding="UTF-8"?>
<!-- Generated by org.testng.reporters.JUnitReportReporter -->
<testsuite skipped="0" hostname="M5291282" name="com.adidas.APIAutomation.AddNewPet" tests="2" failures="0" timestamp="2020-10-26T22:57:39 IST" time="14.837" errors="0">
  <testcase name="testData" time="12.888" classname="com.adidas.APIAutomation.AddNewPet"/>
  <system-out/>
  <testcase name="validateAddedPet" time="1.949" classname="com.adidas.APIAutomation.AddNewPet"/>
  <system-out/>
</testsuite> <!-- com.adidas.APIAutomation.AddNewPet -->
