<?xml version="1.0" encoding="UTF-8"?>
<!-- Generated by org.testng.reporters.JUnitReportReporter -->
<testsuite skipped="0" hostname="M5291282" name="com.adidas.APIAutomation.GetRequest" tests="1" failures="0" timestamp="2020-10-22T02:06:21 IST" time="14.163" errors="0">
  <testcase name="getStatus" time="14.163" classname="com.adidas.APIAutomation.GetRequest"/>
  <system-out/>
</testsuite> <!-- com.adidas.APIAutomation.GetRequest -->
