<?xml version="1.0" encoding="UTF-8"?>
<!-- Generated by org.testng.reporters.JUnitReportReporter -->
<testsuite skipped="0" hostname="M5291282" name="com.adidas.APIAutomation.UpdatePetStatus" tests="2" failures="0" timestamp="2020-10-22T10:59:23 IST" time="5.943" errors="0">
  <testcase name="testData" time="4.093" classname="com.adidas.APIAutomation.UpdatePetStatus"/>
  <system-out/>
  <testcase name="validatePutRequest" time="1.850" classname="com.adidas.APIAutomation.UpdatePetStatus"/>
  <system-out/>
</testsuite> <!-- com.adidas.APIAutomation.UpdatePetStatus -->
