<?xml version="1.0" encoding="UTF-8"?>
<!-- Generated by org.testng.reporters.JUnitReportReporter -->
<testsuite skipped="0" hostname="M5291282" name="com.adidas.APIAutomation.GetAvailablePets" tests="1" failures="0" timestamp="2020-10-27T00:16:09 IST" time="21.498" errors="0">
  <testcase name="getPetStatus" time="21.498" classname="com.adidas.APIAutomation.GetAvailablePets"/>
  <system-out/>
</testsuite> <!-- com.adidas.APIAutomation.GetAvailablePets -->
