<?xml version="1.0" encoding="UTF-8"?>
<!-- Generated by org.testng.reporters.JUnitReportReporter -->
<testsuite skipped="0" hostname="M5291282" name="com.adidas.APIAutomation.DeletePet" tests="2" failures="0" timestamp="2020-10-22T11:34:34 IST" time="3.063" errors="0">
  <testcase name="deletePet" time="1.505" classname="com.adidas.APIAutomation.DeletePet"/>
  <system-out/>
  <testcase name="validateDeletedPet" time="1.558" classname="com.adidas.APIAutomation.DeletePet"/>
  <system-out/>
</testsuite> <!-- com.adidas.APIAutomation.DeletePet -->
