<?xml version="1.0" encoding="UTF-8"?>
<!-- Generated by org.testng.reporters.JUnitReportReporter -->
<testsuite skipped="0" hostname="M5291282" name="com.adidas.APIAutomation.AddNewPet" tests="2" failures="0" timestamp="2020-10-27T00:16:09 IST" time="7.335" errors="0">
  <testcase name="testData" time="5.499" classname="com.adidas.APIAutomation.AddNewPet"/>
  <system-out/>
  <testcase name="validateAddedPet" time="1.836" classname="com.adidas.APIAutomation.AddNewPet"/>
  <system-out/>
</testsuite> <!-- com.adidas.APIAutomation.AddNewPet -->
