<?xml version="1.0" encoding="UTF-8"?>
<!-- Generated by org.testng.reporters.JUnitReportReporter -->
<testsuite skipped="0" hostname="M5291282" name="com.adidas.APIAutomation.UpdatePetStatus" tests="2" failures="0" timestamp="2020-10-22T11:34:34 IST" time="5.364" errors="0">
  <testcase name="testData" time="3.813" classname="com.adidas.APIAutomation.UpdatePetStatus"/>
  <system-out/>
  <testcase name="validatePutRequest" time="1.551" classname="com.adidas.APIAutomation.UpdatePetStatus"/>
  <system-out/>
</testsuite> <!-- com.adidas.APIAutomation.UpdatePetStatus -->
