<?xml version="1.0" encoding="UTF-8"?>
<!-- Generated by org.testng.reporters.JUnitReportReporter -->
<testsuite skipped="0" hostname="M5291282" name="com.adidas.APIAutomation.DeletePet" tests="2" failures="0" timestamp="2020-10-27T00:16:09 IST" time="3.558" errors="0">
  <testcase name="deletePet" time="1.590" classname="com.adidas.APIAutomation.DeletePet"/>
  <system-out/>
  <testcase name="validateDeletedPet" time="1.968" classname="com.adidas.APIAutomation.DeletePet"/>
  <system-out/>
</testsuite> <!-- com.adidas.APIAutomation.DeletePet -->
