<?xml version="1.0" encoding="UTF-8"?>
<!-- Generated by org.testng.reporters.JUnitReportReporter -->
<testsuite skipped="0" hostname="M5291282" name="com.adidas.APIAutomation.AddNewPet" tests="2" failures="0" timestamp="2020-10-22T11:34:34 IST" time="7.904" errors="0">
  <testcase name="testData" time="6.165" classname="com.adidas.APIAutomation.AddNewPet"/>
  <system-out/>
  <testcase name="validateAddedPet" time="1.739" classname="com.adidas.APIAutomation.AddNewPet"/>
  <system-out/>
</testsuite> <!-- com.adidas.APIAutomation.AddNewPet -->
